
/home/runner/work/exp-correlation-iitd/exp-correlation-iitd/experiment/simulation/Experiments/Descriptive/mean/changeFile.js
  1:10  warning  'change' is defined but never used  no-unused-vars

/home/runner/work/exp-correlation-iitd/exp-correlation-iitd/experiment/simulation/Experiments/Descriptive/script.js
    5:10  warning  'createSampleInputs' is defined but never used                 no-unused-vars
   48:10  warning  'getData' is defined but never used                            no-unused-vars
  182:1   warning  'google' is not defined                                        no-undef
  184:10  warning  'makeLineChart' is defined but never used                      no-unused-vars
  206:20  warning  'google' is not defined                                        no-undef
  231:21  warning  'google' is not defined                                        no-undef
  241:10  warning  'makeScatterChart' is defined but never used                   no-unused-vars
  263:20  warning  'google' is not defined                                        no-undef
  290:21  warning  'google' is not defined                                        no-undef
  311:10  warning  'makeAreaChart' is defined but never used                      no-unused-vars
  333:20  warning  'google' is not defined                                        no-undef
  359:21  warning  'google' is not defined                                        no-undef
  377:1   warning  'google' is not defined                                        no-undef
  379:10  warning  'makeTableChart' is defined but never used                     no-unused-vars
  398:20  warning  'google' is not defined                                        no-undef
  421:21  warning  'google' is not defined                                        no-undef
  437:10  warning  'calculateSpearmanRankCorrelation' is defined but never used   no-unused-vars
  479:10  warning  'calculatePearsonCorrelation' is defined but never used        no-unused-vars
  525:10  warning  'createArrayInput' is defined but never used                   no-unused-vars
  621:10  warning  'correlationCoefficientGroupedData' is defined but never used  no-unused-vars

/home/runner/work/exp-correlation-iitd/exp-correlation-iitd/experiment/simulation/Scripts/recovery.js
   178:25  warning  Unexpected negating the left operand of 'in' operator  no-unsafe-negation
   499:26  warning  'D' is already defined                                 no-redeclare
   700:30  warning  'X' is already defined                                 no-redeclare
   712:30  warning  'X' is already defined                                 no-redeclare
   735:9   warning  'module' is not defined                                no-undef
   736:10  warning  'exports' is not defined                               no-undef
   736:20  warning  'module' is not defined                                no-undef
   737:10  warning  'exports' is not defined                               no-undef
   978:22  warning  'h' is already defined                                 no-redeclare
  1490:18  warning  'I' is already defined                                 no-redeclare
  1614:22  warning  'W' is already defined                                 no-redeclare
  1689:13  warning  'T' is assigned a value but never used                 no-unused-vars
  1812:14  warning  'h' is assigned a value but never used                 no-unused-vars
  2140:13  warning  'M' is assigned a value but never used                 no-unused-vars
  2182:13  warning  'h' is assigned a value but never used                 no-unused-vars
  2187:17  warning  'independentValue' is not defined                      no-undef
  2291:22  warning  'V' is already defined                                 no-redeclare
  2406:13  warning  'h' is assigned a value but never used                 no-unused-vars
  2511:10  warning  'clearData' is defined but never used                  no-unused-vars
  2585:81  warning  Unnecessary semicolon                                  no-extra-semi
  2589:81  warning  Unnecessary semicolon                                  no-extra-semi
  2701:10  warning  'pearson' is defined but never used                    no-unused-vars
  2711:10  warning  'spearman' is defined but never used                   no-unused-vars
  2732:10  warning  'calculateMean' is defined but never used              no-unused-vars
  2763:10  warning  'calculateMedian' is defined but never used            no-unused-vars
  2794:10  warning  'calculateMode' is defined but never used              no-unused-vars
  2826:10  warning  'calculateRange' is defined but never used             no-unused-vars
  2858:10  warning  'calculateKurtosis' is defined but never used          no-unused-vars
  2890:10  warning  'calculateSkewness' is defined but never used          no-unused-vars
  2922:10  warning  'calculateQuantiles' is defined but never used         no-unused-vars
  2945:9   warning  'quantile4' is assigned a value but never used         no-unused-vars
  2956:10  warning  'generateTableRows' is defined but never used          no-unused-vars

/home/runner/work/exp-correlation-iitd/exp-correlation-iitd/experiment/simulation/Scripts/stats.js
  1094:8  error  Parsing error: Unexpected token _

/home/runner/work/exp-correlation-iitd/exp-correlation-iitd/experiment/simulation/correlation_final/Experiments/Descriptive/mean/changeFile.js
  1:10  warning  'change' is defined but never used  no-unused-vars

/home/runner/work/exp-correlation-iitd/exp-correlation-iitd/experiment/simulation/correlation_final/Experiments/Descriptive/script.js
    5:10  warning  'createSampleInputs' is defined but never used                 no-unused-vars
   48:10  warning  'getData' is defined but never used                            no-unused-vars
  182:1   warning  'google' is not defined                                        no-undef
  184:10  warning  'makeLineChart' is defined but never used                      no-unused-vars
  206:20  warning  'google' is not defined                                        no-undef
  231:21  warning  'google' is not defined                                        no-undef
  241:10  warning  'makeScatterChart' is defined but never used                   no-unused-vars
  263:20  warning  'google' is not defined                                        no-undef
  290:21  warning  'google' is not defined                                        no-undef
  311:10  warning  'makeAreaChart' is defined but never used                      no-unused-vars
  333:20  warning  'google' is not defined                                        no-undef
  359:21  warning  'google' is not defined                                        no-undef
  377:1   warning  'google' is not defined                                        no-undef
  379:10  warning  'makeTableChart' is defined but never used                     no-unused-vars
  398:20  warning  'google' is not defined                                        no-undef
  421:21  warning  'google' is not defined                                        no-undef
  437:10  warning  'calculateSpearmanRankCorrelation' is defined but never used   no-unused-vars
  479:10  warning  'calculatePearsonCorrelation' is defined but never used        no-unused-vars
  525:10  warning  'createArrayInput' is defined but never used                   no-unused-vars
  621:10  warning  'correlationCoefficientGroupedData' is defined but never used  no-unused-vars

/home/runner/work/exp-correlation-iitd/exp-correlation-iitd/experiment/simulation/correlation_final/Scripts/recovery.js
   178:25  warning  Unexpected negating the left operand of 'in' operator  no-unsafe-negation
   499:26  warning  'D' is already defined                                 no-redeclare
   700:30  warning  'X' is already defined                                 no-redeclare
   712:30  warning  'X' is already defined                                 no-redeclare
   735:9   warning  'module' is not defined                                no-undef
   736:10  warning  'exports' is not defined                               no-undef
   736:20  warning  'module' is not defined                                no-undef
   737:10  warning  'exports' is not defined                               no-undef
   978:22  warning  'h' is already defined                                 no-redeclare
  1490:18  warning  'I' is already defined                                 no-redeclare
  1614:22  warning  'W' is already defined                                 no-redeclare
  1689:13  warning  'T' is assigned a value but never used                 no-unused-vars
  1812:14  warning  'h' is assigned a value but never used                 no-unused-vars
  2140:13  warning  'M' is assigned a value but never used                 no-unused-vars
  2182:13  warning  'h' is assigned a value but never used                 no-unused-vars
  2187:17  warning  'independentValue' is not defined                      no-undef
  2291:22  warning  'V' is already defined                                 no-redeclare
  2406:13  warning  'h' is assigned a value but never used                 no-unused-vars
  2511:10  warning  'clearData' is defined but never used                  no-unused-vars
  2585:81  warning  Unnecessary semicolon                                  no-extra-semi
  2589:81  warning  Unnecessary semicolon                                  no-extra-semi
  2701:10  warning  'pearson' is defined but never used                    no-unused-vars
  2711:10  warning  'spearman' is defined but never used                   no-unused-vars
  2732:10  warning  'calculateMean' is defined but never used              no-unused-vars
  2763:10  warning  'calculateMedian' is defined but never used            no-unused-vars
  2794:10  warning  'calculateMode' is defined but never used              no-unused-vars
  2826:10  warning  'calculateRange' is defined but never used             no-unused-vars
  2858:10  warning  'calculateKurtosis' is defined but never used          no-unused-vars
  2890:10  warning  'calculateSkewness' is defined but never used          no-unused-vars
  2922:10  warning  'calculateQuantiles' is defined but never used         no-unused-vars
  2945:9   warning  'quantile4' is assigned a value but never used         no-unused-vars
  2956:10  warning  'generateTableRows' is defined but never used          no-unused-vars

/home/runner/work/exp-correlation-iitd/exp-correlation-iitd/experiment/simulation/correlation_final/Scripts/stats.js
  1094:8  error  Parsing error: Unexpected token _

/home/runner/work/exp-correlation-iitd/exp-correlation-iitd/experiment/simulation/correlation_final/script.js
   54:10  warning  'getFlatData' is defined but never used          no-unused-vars
  118:1   warning  'google' is not defined                          no-undef
  120:10  warning  'makeLineChart' is defined but never used        no-unused-vars
  133:20  warning  'google' is not defined                          no-undef
  157:21  warning  'google' is not defined                          no-undef
  170:10  warning  'makePieChart' is defined but never used         no-unused-vars
  182:20  warning  'google' is not defined                          no-undef
  204:21  warning  'google' is not defined                          no-undef
  216:10  warning  'makeBarChart' is defined but never used         no-unused-vars
  228:20  warning  'google' is not defined                          no-undef
  249:21  warning  'google' is not defined                          no-undef
  261:10  warning  'makeScatterChart' is defined but never used     no-unused-vars
  273:20  warning  'google' is not defined                          no-undef
  295:21  warning  'google' is not defined                          no-undef
  313:10  warning  'makeAreaChart' is defined but never used        no-unused-vars
  325:20  warning  'google' is not defined                          no-undef
  346:21  warning  'google' is not defined                          no-undef
  354:1   warning  'google' is not defined                          no-undef
  356:10  warning  'makeBoxWhiskerChart' is defined but never used  no-unused-vars
  371:16  warning  'google' is not defined                          no-undef
  382:21  warning  'google' is not defined                          no-undef
  399:1   warning  'google' is not defined                          no-undef
  401:10  warning  'makeTableChart' is defined but never used       no-unused-vars
  405:20  warning  'google' is not defined                          no-undef
  429:21  warning  'google' is not defined                          no-undef

/home/runner/work/exp-correlation-iitd/exp-correlation-iitd/experiment/simulation/script.js
   54:10  warning  'getFlatData' is defined but never used          no-unused-vars
  118:1   warning  'google' is not defined                          no-undef
  120:10  warning  'makeLineChart' is defined but never used        no-unused-vars
  133:20  warning  'google' is not defined                          no-undef
  157:21  warning  'google' is not defined                          no-undef
  170:10  warning  'makePieChart' is defined but never used         no-unused-vars
  182:20  warning  'google' is not defined                          no-undef
  204:21  warning  'google' is not defined                          no-undef
  216:10  warning  'makeBarChart' is defined but never used         no-unused-vars
  228:20  warning  'google' is not defined                          no-undef
  249:21  warning  'google' is not defined                          no-undef
  261:10  warning  'makeScatterChart' is defined but never used     no-unused-vars
  273:20  warning  'google' is not defined                          no-undef
  295:21  warning  'google' is not defined                          no-undef
  313:10  warning  'makeAreaChart' is defined but never used        no-unused-vars
  325:20  warning  'google' is not defined                          no-undef
  346:21  warning  'google' is not defined                          no-undef
  354:1   warning  'google' is not defined                          no-undef
  356:10  warning  'makeBoxWhiskerChart' is defined but never used  no-unused-vars
  371:16  warning  'google' is not defined                          no-undef
  382:21  warning  'google' is not defined                          no-undef
  399:1   warning  'google' is not defined                          no-undef
  401:10  warning  'makeTableChart' is defined but never used       no-unused-vars
  405:20  warning  'google' is not defined                          no-undef
  429:21  warning  'google' is not defined                          no-undef

✖ 158 problems (2 errors, 156 warnings)
  0 errors and 4 warnings potentially fixable with the `--fix` option.

